2025-09-13 22:29:53,865 - INFO - Word应用程序启动成功
2025-09-13 22:29:55,913 - INFO - 正在转换: 李泉延简历第二版.docx
2025-09-13 22:29:55,925 - INFO - Word应用程序启动成功
2025-09-13 22:29:55,928 - INFO - Word应用程序启动成功
2025-09-13 22:29:58,195 - INFO - 正在转换: 李泉延简历第二版.docx
2025-09-13 22:29:58,199 - INFO - 正在转换: 李泉延简历第二版.docx
2025-09-13 22:29:58,826 - INFO - 转换成功: C:\Users\86151\Desktop\个人相关\简历\李泉延简历第二版.pdf
2025-09-13 22:29:58,879 - ERROR - 转换文件失败 C:/Users/86151/Desktop/个人相关/简历/李泉延简历第二版.docx: (-2147417848, '被调用的对象已与其客户端断开连接。', None, None)
2025-09-13 22:29:58,879 - ERROR - 转换文件失败 C:/Users/86151/Desktop/个人相关/简历/李泉延简历第二版.docx: (-2147417848, '被调用的对象已与其客户端断开连接。', None, None)
2025-09-13 22:29:59,649 - INFO - Word应用程序已关闭
2025-09-13 22:29:59,752 - INFO - Word应用程序已关闭
2025-09-13 22:29:59,759 - INFO - Word应用程序已关闭
2025-09-13 22:41:28,377 - INFO - Word应用程序启动成功
2025-09-13 22:41:29,516 - INFO - 正在转换: Linux学习.docx
2025-09-13 22:41:31,185 - INFO - 转换成功: C:\Users\86151\Desktop\Linux学习.pdf
2025-09-13 22:41:31,491 - INFO - Word应用程序已关闭
2025-09-13 22:51:56,784 - INFO - Word应用程序启动成功
2025-09-13 22:51:58,440 - INFO - 正在转换: yolo.docx
2025-09-13 22:52:01,061 - INFO - 转换成功: C:\Users\86151\Desktop\yolo.pdf
2025-09-13 22:52:02,185 - INFO - Word应用程序已关闭
